[ActionDispatch::HostAuthorization::DefaultResponseApp] Blocked hosts: 8a97c86f1ef647aa8e8c226fa04f3a83.vfs.cloud9.us-east-1.amazonaws.com
[ActionDispatch::HostAuthorization::DefaultResponseApp] Blocked hosts: 8a97c86f1ef647aa8e8c226fa04f3a83.vfs.cloud9.us-east-1.amazonaws.com
[ActionDispatch::HostAuthorization::DefaultResponseApp] Blocked hosts: 8a97c86f1ef647aa8e8c226fa04f3a83.vfs.cloud9.us-east-1.amazonaws.com
Started GET "/" for 108.41.115.6 at 2023-12-18 04:32:54 +0000
Cannot render console from 108.41.115.6! Allowed networks: 127.0.0.0/127.255.255.255, ::1
Started GET "/" for 108.41.115.6 at 2023-12-18 04:32:54 +0000
Cannot render console from 108.41.115.6! Allowed networks: 127.0.0.0/127.255.255.255, ::1
  [1m[35m (6.1ms)[0m  [1m[35mCREATE TABLE "schema_migrations" ("version" varchar NOT NULL PRIMARY KEY)[0m
  [1m[35m (0.3ms)[0m  [1m[35mCREATE TABLE "ar_internal_metadata" ("key" varchar NOT NULL PRIMARY KEY, "value" varchar, "created_at" datetime(6) NOT NULL, "updated_at" datetime(6) NOT NULL)[0m
  [1m[36mActiveRecord::SchemaMigration Load (0.2ms)[0m  [1m[34mSELECT "schema_migrations"."version" FROM "schema_migrations" ORDER BY "schema_migrations"."version" ASC[0m
Processing by Rails::WelcomeController#index as HTML
Processing by Rails::WelcomeController#index as HTML
  Rendering /home/ec2-user/.rvm/gems/ruby-3.2.1/gems/railties-7.1.2/lib/rails/templates/rails/welcome/index.html.erb
  Rendered /home/ec2-user/.rvm/gems/ruby-3.2.1/gems/railties-7.1.2/lib/rails/templates/rails/welcome/index.html.erb (Duration: 1.2ms | Allocations: 373)
Completed 200 OK in 38ms (Views: 6.1ms | ActiveRecord: 0.0ms | Allocations: 5008)


  Rendering /home/ec2-user/.rvm/gems/ruby-3.2.1/gems/railties-7.1.2/lib/rails/templates/rails/welcome/index.html.erb
  Rendered /home/ec2-user/.rvm/gems/ruby-3.2.1/gems/railties-7.1.2/lib/rails/templates/rails/welcome/index.html.erb (Duration: 0.2ms | Allocations: 13)
Completed 200 OK in 42ms (Views: 7.6ms | ActiveRecord: 0.0ms | Allocations: 5796)


Started GET "/" for 108.41.115.6 at 2023-12-18 04:34:14 +0000
Cannot render console from 108.41.115.6! Allowed networks: 127.0.0.0/127.255.255.255, ::1
Processing by Rails::WelcomeController#index as HTML
  Rendering /home/ec2-user/.rvm/gems/ruby-3.2.1/gems/railties-7.1.2/lib/rails/templates/rails/welcome/index.html.erb
  Rendered /home/ec2-user/.rvm/gems/ruby-3.2.1/gems/railties-7.1.2/lib/rails/templates/rails/welcome/index.html.erb (Duration: 0.1ms | Allocations: 13)
Completed 200 OK in 2ms (Views: 1.3ms | ActiveRecord: 0.0ms | Allocations: 209)


  [1m[36mActiveRecord::InternalMetadata Load (0.2ms)[0m  [1m[34mSELECT * FROM "ar_internal_metadata" WHERE "ar_internal_metadata"."key" = ? ORDER BY "ar_internal_metadata"."key" ASC LIMIT 1[0m  [[nil, "environment"]]
  [1m[36mActiveRecord::InternalMetadata Create (2.3ms)[0m  [1m[32mINSERT INTO "ar_internal_metadata" ("key", "value", "created_at", "updated_at") VALUES ('environment', 'development', '2023-12-18 04:46:00.498977', '2023-12-18 04:46:00.498982') RETURNING "key"[0m
  [1m[36mActiveRecord::SchemaMigration Load (0.2ms)[0m  [1m[34mSELECT "schema_migrations"."version" FROM "schema_migrations" ORDER BY "schema_migrations"."version" ASC[0m
Migrating to CreateCountryDataFinals (20231218044445)
  [1m[36mTRANSACTION (0.1ms)[0m  [1m[36mbegin transaction[0m
  [1m[35m (2.6ms)[0m  [1m[35mCREATE TABLE "country_data_finals" ("id" integer PRIMARY KEY AUTOINCREMENT NOT NULL, "name" text, "mobilephones" float, "mortalityunder5" float, "healthexpenditurepercapita" float, "healthexpenditureppercentgdp" float, "population" float, "populationurban" float, "birthrate" float, "lifeexpectancy" float, "gdp" float, "created_at" datetime(6) NOT NULL, "updated_at" datetime(6) NOT NULL)[0m
  [1m[36mActiveRecord::SchemaMigration Create (0.3ms)[0m  [1m[32mINSERT INTO "schema_migrations" ("version") VALUES ('20231218044445') RETURNING "version"[0m
  [1m[36mTRANSACTION (0.2ms)[0m  [1m[36mcommit transaction[0m
  [1m[36mActiveRecord::SchemaMigration Load (0.1ms)[0m  [1m[34mSELECT "schema_migrations"."version" FROM "schema_migrations" ORDER BY "schema_migrations"."version" ASC[0m
  [1m[36mActiveRecord::SchemaMigration Load (0.1ms)[0m  [1m[34mSELECT "schema_migrations"."version" FROM "schema_migrations" ORDER BY "schema_migrations"."version" ASC[0m
  [1m[36mTRANSACTION (0.1ms)[0m  [1m[36mbegin transaction[0m
  [1m[36mCountryDataFinal Create (2.5ms)[0m  [1m[32mINSERT INTO "country_data_finals" ("name", "mobilephones", "mortalityunder5", "healthexpenditurepercapita", "healthexpenditureppercentgdp", "population", "populationurban", "birthrate", "lifeexpectancy", "gdp", "created_at", "updated_at") VALUES (?, ?, ?, ?, ?, ?, ?, ?, ?, ?, ?, ?) RETURNING "id"[0m  [["name", "Afghanistan"], ["mobilephones", 0.0], ["mortalityunder5", 150.0], ["healthexpenditurepercapita", 11.0], ["healthexpenditureppercentgdp", 9.0], ["population", 26697430.0], ["populationurban", 5771984.0], ["birthrate", 50.0], ["lifeexpectancy", 46.0], ["gdp", 2461666315.0], ["created_at", "2023-12-18 04:46:15.459645"], ["updated_at", "2023-12-18 04:46:15.459645"]]
  [1m[36mTRANSACTION (0.2ms)[0m  [1m[36mcommit transaction[0m
  [1m[36mTRANSACTION (0.0ms)[0m  [1m[36mbegin transaction[0m
  [1m[36mCountryDataFinal Create (1.7ms)[0m  [1m[32mINSERT INTO "country_data_finals" ("name", "mobilephones", "mortalityunder5", "healthexpenditurepercapita", "healthexpenditureppercentgdp", "population", "populationurban", "birthrate", "lifeexpectancy", "gdp", "created_at", "updated_at") VALUES (?, ?, ?, ?, ?, ?, ?, ?, ?, ?, ?, ?) RETURNING "id"[0m  [["name", "Albania"], ["mobilephones", 29791.0], ["mortalityunder5", 29.0], ["healthexpenditurepercapita", 75.0], ["healthexpenditureppercentgdp", 6.0], ["population", 3071856.0], ["populationurban", 1280964.0], ["birthrate", 17.0], ["lifeexpectancy", 74.0], ["gdp", 3686649387.0], ["created_at", "2023-12-18 04:46:15.466575"], ["updated_at", "2023-12-18 04:46:15.466575"]]
  [1m[36mTRANSACTION (0.1ms)[0m  [1m[36mcommit transaction[0m
  [1m[36mTRANSACTION (0.0ms)[0m  [1m[36mbegin transaction[0m
  [1m[36mCountryDataFinal Create (1.1ms)[0m  [1m[32mINSERT INTO "country_data_finals" ("name", "mobilephones", "mortalityunder5", "healthexpenditurepercapita", "healthexpenditureppercentgdp", "population", "populationurban", "birthrate", "lifeexpectancy", "gdp", "created_at", "updated_at") VALUES (?, ?, ?, ?, ?, ?, ?, ?, ?, ?, ?, ?) RETURNING "id"[0m  [["name", "Algeria"], ["mobilephones", 86000.0], ["mortalityunder5", 49.0], ["healthexpenditurepercapita", 63.0], ["healthexpenditureppercentgdp", 3.0], ["population", 30533827.0], ["populationurban", 18259229.0], ["birthrate", 21.0], ["lifeexpectancy", 70.0], ["gdp", 54790058957.0], ["created_at", "2023-12-18 04:46:15.471852"], ["updated_at", "2023-12-18 04:46:15.471852"]]
  [1m[36mTRANSACTION (0.1ms)[0m  [1m[36mcommit transaction[0m
  [1m[36mTRANSACTION (0.0ms)[0m  [1m[36mbegin transaction[0m
  [1m[36mCountryDataFinal Create (1.6ms)[0m  [1m[32mINSERT INTO "country_data_finals" ("name", "mobilephones", "mortalityunder5", "healthexpenditurepercapita", "healthexpenditureppercentgdp", "population", "populationurban", "birthrate", "lifeexpectancy", "gdp", "created_at", "updated_at") VALUES (?, ?, ?, ?, ?, ?, ?, ?, ?, ?, ?, ?) RETURNING "id"[0m  [["name", "American Samoa"], ["mobilephones", 1992.0], ["mortalityunder5", 0.0], ["healthexpenditurepercapita", 0.0], ["healthexpenditureppercentgdp", 0.0], ["population", 57625.0], ["populationurban", 51171.0], ["birthrate", 0.0], ["lifeexpectancy", 0.0], ["gdp", 0.0], ["created_at", "2023-12-18 04:46:15.475606"], ["updated_at", "2023-12-18 04:46:15.475606"]]
  [1m[36mTRANSACTION (0.1ms)[0m  [1m[36mcommit transaction[0m
  [1m[36mTRANSACTION (0.0ms)[0m  [1m[36mbegin transaction[0m
  [1m[36mCountryDataFinal Create (2.1ms)[0m  [1m[32mINSERT INTO "country_data_finals" ("name", "mobilephones", "mortalityunder5", "healthexpenditurepercapita", "healthexpenditureppercentgdp", "population", "populationurban", "birthrate", "lifeexpectancy", "gdp", "created_at", "updated_at") VALUES (?, ?, ?, ?, ?, ?, ?, ?, ?, ?, ?, ?) RETURNING "id"[0m  [["name", "Andorra"], ["mobilephones", 23543.0], ["mortalityunder5", 5.0], ["healthexpenditurepercapita", 1289.0], ["healthexpenditureppercentgdp", 8.0], ["population", 64634.0], ["populationurban", 59722.0], ["birthrate", 11.0], ["lifeexpectancy", 0.0], ["gdp", 1133644295.0], ["created_at", "2023-12-18 04:46:15.480699"], ["updated_at", "2023-12-18 04:46:15.480699"]]
  [1m[36mTRANSACTION (0.1ms)[0m  [1m[36mcommit transaction[0m
  [1m[36mTRANSACTION (0.1ms)[0m  [1m[36mbegin transaction[0m
  [1m[36mCountryDataFinal Create (3.4ms)[0m  [1m[32mINSERT INTO "country_data_finals" ("name", "mobilephones", "mortalityunder5", "healthexpenditurepercapita", "healthexpenditureppercentgdp", "population", "populationurban", "birthrate", "lifeexpectancy", "gdp", "created_at", "updated_at") VALUES (?, ?, ?, ?, ?, ?, ?, ?, ?, ?, ?, ?) RETURNING "id"[0m  [["name", "Angola"], ["mobilephones", 25806.0], ["mortalityunder5", 200.0], ["healthexpenditurepercapita", 15.0], ["healthexpenditureppercentgdp", 2.0], ["population", 13926373.0], ["populationurban", 6823923.0], ["birthrate", 50.0], ["lifeexpectancy", 46.0], ["gdp", 9129180361.0], ["created_at", "2023-12-18 04:46:15.487689"], ["updated_at", "2023-12-18 04:46:15.487689"]]
  [1m[36mTRANSACTION (0.2ms)[0m  [1m[36mcommit transaction[0m
  [1m[36mTRANSACTION (0.3ms)[0m  [1m[36mbegin transaction[0m
  [1m[36mCountryDataFinal Create (3.7ms)[0m  [1m[32mINSERT INTO "country_data_finals" ("name", "mobilephones", "mortalityunder5", "healthexpenditurepercapita", "healthexpenditureppercentgdp", "population", "populationurban", "birthrate", "lifeexpectancy", "gdp", "created_at", "updated_at") VALUES (?, ?, ?, ?, ?, ?, ?, ?, ?, ?, ?, ?) RETURNING "id"[0m  [["name", "Antigua and Barbuda"], ["mobilephones", 22000.0], ["mortalityunder5", 15.0], ["healthexpenditurepercapita", 411.0], ["healthexpenditureppercentgdp", 5.0], ["population", 77656.0], ["populationurban", 24928.0], ["birthrate", 21.0], ["lifeexpectancy", 0.0], ["gdp", 802526701.0], ["created_at", "2023-12-18 04:46:15.507537"], ["updated_at", "2023-12-18 04:46:15.507537"]]
  [1m[36mTRANSACTION (0.1ms)[0m  [1m[36mcommit transaction[0m
  [1m[36mTRANSACTION (0.1ms)[0m  [1m[36mbegin transaction[0m
  [1m[36mCountryDataFinal Create (2.9ms)[0m  [1m[32mINSERT INTO "country_data_finals" ("name", "mobilephones", "mortalityunder5", "healthexpenditurepercapita", "healthexpenditureppercentgdp", "population", "populationurban", "birthrate", "lifeexpectancy", "gdp", "created_at", "updated_at") VALUES (?, ?, ?, ?, ?, ?, ?, ?, ?, ?, ?, ?) RETURNING "id"[0m  [["name", "Argentina"], ["mobilephones", 6487950.0], ["mortalityunder5", 20.0], ["healthexpenditurepercapita", 689.0], ["healthexpenditureppercentgdp", 9.0], ["population", 36930709.0], ["populationurban", 33274569.0], ["birthrate", 19.0], ["lifeexpectancy", 74.0], ["gdp", 284204000000.0], ["created_at", "2023-12-18 04:46:15.515480"], ["updated_at", "2023-12-18 04:46:15.515480"]]
  [1m[36mTRANSACTION (0.1ms)[0m  [1m[36mcommit transaction[0m
  [1m[36mTRANSACTION (0.1ms)[0m  [1m[36mbegin transaction[0m
  [1m[36mCountryDataFinal Create (1.6ms)[0m  [1m[32mINSERT INTO "country_data_finals" ("name", "mobilephones", "mortalityunder5", "healthexpenditurepercapita", "healthexpenditureppercentgdp", "population", "populationurban", "birthrate", "lifeexpectancy", "gdp", "created_at", "updated_at") VALUES (?, ?, ?, ?, ?, ?, ?, ?, ?, ?, ?, ?) RETURNING "id"[0m  [["name", "Armenia"], ["mobilephones", 17486.0], ["mortalityunder5", 33.0], ["healthexpenditurepercapita", 41.0], ["healthexpenditureppercentgdp", 7.0], ["population", 3076098.0], ["populationurban", 2002540.0], ["birthrate", 13.0], ["lifeexpectancy", 71.0], ["gdp", 1911563665.0], ["created_at", "2023-12-18 04:46:15.524042"], ["updated_at", "2023-12-18 04:46:15.524042"]]
  [1m[36mTRANSACTION (0.1ms)[0m  [1m[36mcommit transaction[0m
  [1m[36mTRANSACTION (0.1ms)[0m  [1m[36mbegin transaction[0m
  [1m[36mCountryDataFinal Create (1.7ms)[0m  [1m[32mINSERT INTO "country_data_finals" ("name", "mobilephones", "mortalityunder5", "healthexpenditurepercapita", "healthexpenditureppercentgdp", "population", "populationurban", "birthrate", "lifeexpectancy", "gdp", "created_at", "updated_at") VALUES (?, ?, ?, ?, ?, ?, ?, ?, ?, ?, ?, ?) RETURNING "id"[0m  [["name", "Aruba"], ["mobilephones", 15000.0], ["mortalityunder5", 0.0], ["healthexpenditurepercapita", 0.0], ["healthexpenditureppercentgdp", 0.0], ["population", 90271.0], ["populationurban", 42157.0], ["birthrate", 14.0], ["lifeexpectancy", 74.0], ["gdp", 1858659293.0], ["created_at", "2023-12-18 04:46:15.529859"], ["updated_at", "2023-12-18 04:46:15.529859"]]
  [1m[36mTRANSACTION (0.1ms)[0m  [1m[36mcommit transaction[0m
  [1m[36mTRANSACTION (0.1ms)[0m  [1m[36mbegin transaction[0m
  [1m[36mCountryDataFinal Create (1.8ms)[0m  [1m[32mINSERT INTO "country_data_finals" ("name", "mobilephones", "mortalityunder5", "healthexpenditurepercapita", "healthexpenditureppercentgdp", "population", "populationurban", "birthrate", "lifeexpectancy", "gdp", "created_at", "updated_at") VALUES (?, ?, ?, ?, ?, ?, ?, ?, ?, ?, ?, ?) RETURNING "id"[0m  [["name", "Australia"], ["mobilephones", 8562000.0], ["mortalityunder5", 6.0], ["healthexpenditurepercapita", 1728.0], ["healthexpenditureppercentgdp", 8.0], ["population", 19153000.0], ["populationurban", 16701416.0], ["birthrate", 13.0], ["lifeexpectancy", 80.0], ["gdp", 416888000000.0], ["created_at", "2023-12-18 04:46:15.535536"], ["updated_at", "2023-12-18 04:46:15.535536"]]
  [1m[36mTRANSACTION (0.1ms)[0m  [1m[36mcommit transaction[0m
  [1m[36mTRANSACTION (0.1ms)[0m  [1m[36mbegin transaction[0m
  [1m[36mCountryDataFinal Create (1.6ms)[0m  [1m[32mINSERT INTO "country_data_finals" ("name", "mobilephones", "mortalityunder5", "healthexpenditurepercapita", "healthexpenditureppercentgdp", "population", "populationurban", "birthrate", "lifeexpectancy", "gdp", "created_at", "updated_at") VALUES (?, ?, ?, ?, ?, ?, ?, ?, ?, ?, ?, ?) RETURNING "id"[0m  [["name", "Austria"], ["mobilephones", 6117000.0], ["mortalityunder5", 6.0], ["healthexpenditurepercapita", 2361.0], ["healthexpenditureppercentgdp", 10.0], ["population", 8011566.0], ["populationurban", 5271610.0], ["birthrate", 10.0], ["lifeexpectancy", 78.0], ["gdp", 192071000000.0], ["created_at", "2023-12-18 04:46:15.541910"], ["updated_at", "2023-12-18 04:46:15.541910"]]
  [1m[36mTRANSACTION (0.1ms)[0m  [1m[36mcommit transaction[0m
  [1m[36mTRANSACTION (0.1ms)[0m  [1m[36mbegin transaction[0m
  [1m[36mCountryDataFinal Create (1.8ms)[0m  [1m[32mINSERT INTO "country_data_finals" ("name", "mobilephones", "mortalityunder5", "healthexpenditurepercapita", "healthexpenditureppercentgdp", "population", "populationurban", "birthrate", "lifeexpectancy", "gdp", "created_at", "updated_at") VALUES (?, ?, ?, ?, ?, ?, ?, ?, ?, ?, ?, ?) RETURNING "id"[0m  [["name", "Azerbaijan"], ["mobilephones", 420400.0], ["mortalityunder5", 67.0], ["healthexpenditurepercapita", 30.0], ["healthexpenditureppercentgdp", 5.0], ["population", 8048600.0], ["populationurban", 4120883.0], ["birthrate", 15.0], ["lifeexpectancy", 67.0], ["gdp", 5272617196.0], ["created_at", "2023-12-18 04:46:15.547322"], ["updated_at", "2023-12-18 04:46:15.547322"]]
  [1m[36mTRANSACTION (0.1ms)[0m  [1m[36mcommit transaction[0m
  [1m[36mTRANSACTION (0.1ms)[0m  [1m[36mbegin transaction[0m
  [1m[36mCountryDataFinal Create (3.4ms)[0m  [1m[32mINSERT INTO "country_data_finals" ("name", "mobilephones", "mortalityunder5", "healthexpenditurepercapita", "healthexpenditureppercentgdp", "population", "populationurban", "birthrate", "lifeexpectancy", "gdp", "created_at", "updated_at") VALUES (?, ?, ?, ?, ?, ?, ?, ?, ?, ?, ?, ?) RETURNING "id"[0m  [["name", "Bahamas, The"], ["mobilephones", 31524.0], ["mortalityunder5", 17.0], ["healthexpenditurepercapita", 1072.0], ["healthexpenditureppercentgdp", 6.0], ["population", 297651.0], ["populationurban", 244074.0], ["birthrate", 18.0], ["lifeexpectancy", 72.0], ["gdp", 6327552000.0], ["created_at", "2023-12-18 04:46:15.557215"], ["updated_at", "2023-12-18 04:46:15.557215"]]
  [1m[36mTRANSACTION (1.4ms)[0m  [1m[36mcommit transaction[0m
  [1m[36mTRANSACTION (0.1ms)[0m  [1m[36mbegin transaction[0m
  [1m[36mCountryDataFinal Create (2.6ms)[0m  [1m[32mINSERT INTO "country_data_finals" ("name", "mobilephones", "mortalityunder5", "healthexpenditurepercapita", "healthexpenditureppercentgdp", "population", "populationurban", "birthrate", "lifeexpectancy", "gdp", "created_at", "updated_at") VALUES (?, ?, ?, ?, ?, ?, ?, ?, ?, ?, ?, ?) RETURNING "id"[0m  [["name", "Bahrain"], ["mobilephones", 205727.0], ["mortalityunder5", 12.0], ["healthexpenditurepercapita", 488.0], ["healthexpenditureppercentgdp", 4.0], ["population", 638193.0], ["populationurban", 564163.0], ["birthrate", 22.0], ["lifeexpectancy", 74.0], ["gdp", 7970690894.0], ["created_at", "2023-12-18 04:46:15.565797"], ["updated_at", "2023-12-18 04:46:15.565797"]]
  [1m[36mTRANSACTION (0.1ms)[0m  [1m[36mcommit transaction[0m
  [1m[36mTRANSACTION (0.1ms)[0m  [1m[36mbegin transaction[0m
  [1m[36mCountryDataFinal Create (2.4ms)[0m  [1m[32mINSERT INTO "country_data_finals" ("name", "mobilephones", "mortalityunder5", "healthexpenditurepercapita", "healthexpenditureppercentgdp", "population", "populationurban", "birthrate", "lifeexpectancy", "gdp", "created_at", "updated_at") VALUES (?, ?, ?, ?, ?, ?, ?, ?, ?, ?, ?, ?) RETURNING "id"[0m  [["name", "Bangladesh"], ["mobilephones", 279000.0], ["mortalityunder5", 86.0], ["healthexpenditurepercapita", 9.0], ["healthexpenditureppercentgdp", 3.0], ["population", 129592275.0], ["populationurban", 30583777.0], ["birthrate", 27.0], ["lifeexpectancy", 65.0], ["gdp", 47124925462.0], ["created_at", "2023-12-18 04:46:15.573527"], ["updated_at", "2023-12-18 04:46:15.573527"]]
  [1m[36mTRANSACTION (0.1ms)[0m  [1m[36mcommit transaction[0m
  [1m[36mTRANSACTION (0.1ms)[0m  [1m[36mbegin transaction[0m
  [1m[36mCountryDataFinal Create (2.6ms)[0m  [1m[32mINSERT INTO "country_data_finals" ("name", "mobilephones", "mortalityunder5", "healthexpenditurepercapita", "healthexpenditureppercentgdp", "population", "populationurban", "birthrate", "lifeexpectancy", "gdp", "created_at", "updated_at") VALUES (?, ?, ?, ?, ?, ?, ?, ?, ?, ?, ?, ?) RETURNING "id"[0m  [["name", "Barbados"], ["mobilephones", 28467.0], ["mortalityunder5", 17.0], ["healthexpenditurepercapita", 640.0], ["healthexpenditureppercentgdp", 6.0], ["population", 267511.0], ["populationurban", 97106.0], ["birthrate", 12.0], ["lifeexpectancy", 76.0], ["gdp", 2558850048.0], ["created_at", "2023-12-18 04:46:15.580281"], ["updated_at", "2023-12-18 04:46:15.580281"]]
  [1m[36mTRANSACTION (0.1ms)[0m  [1m[36mcommit transaction[0m
  [1m[36mTRANSACTION (0.1ms)[0m  [1m[36mbegin transaction[0m
  [1m[36mCountryDataFinal Create (1.8ms)[0m  [1m[32mINSERT INTO "country_data_finals" ("name", "mobilephones", "mortalityunder5", "healthexpenditurepercapita", "healthexpenditureppercentgdp", "population", "populationurban", "birthrate", "lifeexpectancy", "gdp", "created_at", "updated_at") VALUES (?, ?, ?, ?, ?, ?, ?, ?, ?, ?, ?, ?) RETURNING "id"[0m  [["name", "Belarus"], ["mobilephones", 49353.0], ["mortalityunder5", 14.0], ["healthexpenditurepercapita", 66.0], ["healthexpenditureppercentgdp", 6.0], ["population", 10005000.0], ["populationurban", 6993495.0], ["birthrate", 9.0], ["lifeexpectancy", 69.0], ["gdp", 12736856485.0], ["created_at", "2023-12-18 04:46:15.586846"], ["updated_at", "2023-12-18 04:46:15.586846"]]
  [1m[36mTRANSACTION (0.1ms)[0m  [1m[36mcommit transaction[0m
  [1m[36mTRANSACTION (0.0ms)[0m  [1m[36mbegin transaction[0m
  [1m[36mCountryDataFinal Create (1.7ms)[0m  [1m[32mINSERT INTO "country_data_finals" ("name", "mobilephones", "mortalityunder5", "healthexpenditurepercapita", "healthexpenditureppercentgdp", "population", "populationurban", "birthrate", "lifeexpectancy", "gdp", "created_at", "updated_at") VALUES (?, ?, ?, ?, ?, ?, ?, ?, ?, ?, ?, ?) RETURNING "id"[0m  [["name", "Belgium"], ["mobilephones", 5629000.0], ["mortalityunder5", 6.0], ["healthexpenditurepercapita", 2025.0], ["healthexpenditureppercentgdp", 9.0], ["population", 10251250.0], ["populationurban", 9953964.0], ["birthrate", 11.0], ["lifeexpectancy", 78.0], ["gdp", 232673000000.0], ["created_at", "2023-12-18 04:46:15.592352"], ["updated_at", "2023-12-18 04:46:15.592352"]]
  [1m[36mTRANSACTION (0.1ms)[0m  [1m[36mcommit transaction[0m
  [1m[36mTRANSACTION (0.1ms)[0m  [1m[36mbegin transaction[0m
  [1m[36mCountryDataFinal Create (1.6ms)[0m  [1m[32mINSERT INTO "country_data_finals" ("name", "mobilephones", "mortalityunder5", "healthexpenditurepercapita", "healthexpenditureppercentgdp", "population", "populationurban", "birthrate", "lifeexpectancy", "gdp", "created_at", "updated_at") VALUES (?, ?, ?, ?, ?, ?, ?, ?, ?, ?, ?, ?) RETURNING "id"[0m  [["name", "Belize"], ["mobilephones", 16812.0], ["mortalityunder5", 27.0], ["healthexpenditurepercapita", 123.0], ["healthexpenditureppercentgdp", 4.0], ["population", 249800.0], ["populationurban", 119404.0], ["birthrate", 30.0], ["lifeexpectancy", 74.0], ["gdp", 832072465.0], ["created_at", "2023-12-18 04:46:15.598377"], ["updated_at", "2023-12-18 04:46:15.598377"]]
  [1m[36mTRANSACTION (0.1ms)[0m  [1m[36mcommit transaction[0m
  [1m[36mTRANSACTION (0.0ms)[0m  [1m[36mbegin transaction[0m
  [1m[36mCountryDataFinal Create (1.3ms)[0m  [1m[32mINSERT INTO "country_data_finals" ("name", "mobilephones", "mortalityunder5", "healthexpenditurepercapita", "healthexpenditureppercentgdp", "population", "populationurban", "birthrate", "lifeexpectancy", "gdp", "created_at", "updated_at") VALUES (?, ?, ?, ?, ?, ?, ?, ?, ?, ?, ?, ?) RETURNING "id"[0m  [["name", "Benin"], ["mobilephones", 55476.0], ["mortalityunder5", 143.0], ["healthexpenditurepercapita", 15.0], ["healthexpenditureppercentgdp", 4.0], ["population", 6517810.0], ["populationurban", 2496321.0], ["birthrate", 43.0], ["lifeexpectancy", 53.0], ["gdp", 2254838685.0], ["created_at", "2023-12-18 04:46:15.604170"], ["updated_at", "2023-12-18 04:46:15.604170"]]
  [1m[36mTRANSACTION (0.1ms)[0m  [1m[36mcommit transaction[0m
  [1m[36mTRANSACTION (0.0ms)[0m  [1m[36mbegin transaction[0m
  [1m[36mCountryDataFinal Create (1.6ms)[0m  [1m[32mINSERT INTO "country_data_finals" ("name", "mobilephones", "mortalityunder5", "healthexpenditurepercapita", "healthexpenditureppercentgdp", "population", "populationurban", "birthrate", "lifeexpectancy", "gdp", "created_at", "updated_at") VALUES (?, ?, ?, ?, ?, ?, ?, ?, ?, ?, ?, ?) RETURNING "id"[0m  [["name", "Bermuda"], ["mobilephones", 13000.0], ["mortalityunder5", 0.0], ["healthexpenditurepercapita", 0.0], ["healthexpenditureppercentgdp", 0.0], ["population", 62100.0], ["populationurban", 62100.0], ["birthrate", 14.0], ["lifeexpectancy", 78.0], ["gdp", 3480219000.0], ["created_at", "2023-12-18 04:46:15.609151"], ["updated_at", "2023-12-18 04:46:15.609151"]]
  [1m[36mTRANSACTION (0.3ms)[0m  [1m[36mcommit transaction[0m
  [1m[36mTRANSACTION (0.1ms)[0m  [1m[36mbegin transaction[0m
  [1m[36mCountryDataFinal Create (1.6ms)[0m  [1m[32mINSERT INTO "country_data_finals" ("name", "mobilephones", "mortalityunder5", "healthexpenditurepercapita", "healthexpenditureppercentgdp", "population", "populationurban", "birthrate", "lifeexpectancy", "gdp", "created_at", "updated_at") VALUES (?, ?, ?, ?, ?, ?, ?, ?, ?, ?, ?, ?) RETURNING "id"[0m  [["name", "Bhutan"], ["mobilephones", 0.0], ["mortalityunder5", 89.0], ["healthexpenditurepercapita", 53.0], ["healthexpenditureppercentgdp", 7.0], ["population", 571262.0], ["populationurban", 145101.0], ["birthrate", 27.0], ["lifeexpectancy", 62.0], ["gdp", 427808817.0], ["created_at", "2023-12-18 04:46:15.615805"], ["updated_at", "2023-12-18 04:46:15.615805"]]
  [1m[36mTRANSACTION (0.1ms)[0m  [1m[36mcommit transaction[0m
  [1m[36mTRANSACTION (0.1ms)[0m  [1m[36mbegin transaction[0m
  [1m[36mCountryDataFinal Create (1.7ms)[0m  [1m[32mINSERT INTO "country_data_finals" ("name", "mobilephones", "mortalityunder5", "healthexpenditurepercapita", "healthexpenditureppercentgdp", "population", "populationurban", "birthrate", "lifeexpectancy", "gdp", "created_at", "updated_at") VALUES (?, ?, ?, ?, ?, ?, ?, ?, ?, ?, ?, ?) RETURNING "id"[0m  [["name", "Bolivia"], ["mobilephones", 582620.0], ["mortalityunder5", 82.0], ["healthexpenditurepercapita", 61.0], ["healthexpenditureppercentgdp", 6.0], ["population", 8307248.0], ["populationurban", 5133879.0], ["birthrate", 31.0], ["lifeexpectancy", 63.0], ["gdp", 8397858206.0], ["created_at", "2023-12-18 04:46:15.621312"], ["updated_at", "2023-12-18 04:46:15.621312"]]
  [1m[36mTRANSACTION (0.1ms)[0m  [1m[36mcommit transaction[0m
  [1m[36mTRANSACTION (0.0ms)[0m  [1m[36mbegin transaction[0m
  [1m[36mCountryDataFinal Create (1.9ms)[0m  [1m[32mINSERT INTO "country_data_finals" ("name", "mobilephones", "mortalityunder5", "healthexpenditurepercapita", "healthexpenditureppercentgdp", "population", "populationurban", "birthrate", "lifeexpectancy", "gdp", "created_at", "updated_at") VALUES (?, ?, ?, ?, ?, ?, ?, ?, ?, ?, ?, ?) RETURNING "id"[0m  [["name", "Bosnia and Herzegovina"], ["mobilephones", 93386.0], ["mortalityunder5", 10.0], ["healthexpenditurepercapita", 106.0], ["healthexpenditureppercentgdp", 7.0], ["population", 3693698.0], ["populationurban", 1595678.0], ["birthrate", 11.0], ["lifeexpectancy", 75.0], ["gdp", 5505984456.0], ["created_at", "2023-12-18 04:46:15.626522"], ["updated_at", "2023-12-18 04:46:15.626522"]]
  [1m[36mTRANSACTION (0.1ms)[0m  [1m[36mcommit transaction[0m
  [1m[36mTRANSACTION (0.0ms)[0m  [1m[36mbegin transaction[0m
  [1m[36mCountryDataFinal Create (4.9ms)[0m  [1m[32mINSERT INTO "country_data_finals" ("name", "mobilephones", "mortalityunder5", "healthexpenditurepercapita", "healthexpenditureppercentgdp", "population", "populationurban", "birthrate", "lifeexpectancy", "gdp", "created_at", "updated_at") VALUES (?, ?, ?, ?, ?, ?, ?, ?, ?, ?, ?, ?) RETURNING "id"[0m  [["name", "Botswana"], ["mobilephones", 222190.0], ["mortalityunder5", 96.0], ["healthexpenditurepercapita", 155.0], ["healthexpenditureppercentgdp", 5.0], ["population", 1757925.0], ["populationurban", 935216.0], ["birthrate", 27.0], ["lifeexpectancy", 51.0], ["gdp", 5632391130.0], ["created_at", "2023-12-18 04:46:15.632116"], ["updated_at", "2023-12-18 04:46:15.632116"]]
  [1m[36mTRANSACTION (0.1ms)[0m  [1m[36mcommit transaction[0m
  [1m[36mTRANSACTION (0.1ms)[0m  [1m[36mbegin transaction[0m
  [1m[36mCountryDataFinal Create (3.7ms)[0m  [1m[32mINSERT INTO "country_data_finals" ("name", "mobilephones", "mortalityunder5", "healthexpenditurepercapita", "healthexpenditureppercentgdp", "population", "populationurban", "birthrate", "lifeexpectancy", "gdp", "created_at", "updated_at") VALUES (?, ?, ?, ?, ?, ?, ?, ?, ?, ?, ?, ?) RETURNING "id"[0m  [["name", "Brazil"], ["mobilephones", 23188171.0], ["mortalityunder5", 36.0], ["healthexpenditurepercapita", 265.0], ["healthexpenditureppercentgdp", 7.0], ["population", 174425387.0], ["populationurban", 141633414.0], ["birthrate", 21.0], ["lifeexpectancy", 70.0], ["gdp", 644702000000.0], ["created_at", "2023-12-18 04:46:15.640782"], ["updated_at", "2023-12-18 04:46:15.640782"]]
  [1m[36mTRANSACTION (0.1ms)[0m  [1m[36mcommit transaction[0m
  [1m[36mTRANSACTION (0.0ms)[0m  [1m[36mbegin transaction[0m
  [1m[36mCountryDataFinal Create (1.7ms)[0m  [1m[32mINSERT INTO "country_data_finals" ("name", "mobilephones", "mortalityunder5", "healthexpenditurepercapita", "healthexpenditureppercentgdp", "population", "populationurban", "birthrate", "lifeexpectancy", "gdp", "created_at", "updated_at") VALUES (?, ?, ?, ?, ?, ?, ?, ?, ?, ?, ?, ?) RETURNING "id"[0m  [["name", "Brunei Darussalam"], ["mobilephones", 95000.0], ["mortalityunder5", 9.0], ["healthexpenditurepercapita", 541.0], ["healthexpenditureppercentgdp", 3.0], ["population", 327036.0], ["populationurban", 232523.0], ["birthrate", 23.0], ["lifeexpectancy", 77.0], ["gdp", 6001153318.0], ["created_at", "2023-12-18 04:46:15.647709"], ["updated_at", "2023-12-18 04:46:15.647709"]]
  [1m[36mTRANSACTION (0.1ms)[0m  [1m[36mcommit transaction[0m
  [1m[36mTRANSACTION (0.0ms)[0m  [1m[36mbegin transaction[0m
  [1m[36mCountryDataFinal Create (1.5ms)[0m  [1m[32mINSERT INTO "country_data_finals" ("name", "mobilephones", "mortalityunder5", "healthexpenditurepercapita", "healthexpenditureppercentgdp", "population", "populationurban", "birthrate", "lifeexpectancy", "gdp", "created_at", "updated_at") VALUES (?, ?, ?, ?, ?, ?, ?, ?, ?, ?, ?, ?) RETURNING "id"[0m  [["name", "Bulgaria"], ["mobilephones", 738000.0], ["mortalityunder5", 21.0], ["healthexpenditurepercapita", 95.0], ["healthexpenditureppercentgdp", 6.0], ["population", 8170172.0], ["populationurban", 5629249.0], ["birthrate", 9.0], ["lifeexpectancy", 72.0], ["gdp", 12903546576.0], ["created_at", "2023-12-18 04:46:15.654234"], ["updated_at", "2023-12-18 04:46:15.654234"]]
  [1m[36mTRANSACTION (0.1ms)[0m  [1m[36mcommit transaction[0m
  [1m[36mTRANSACTION (0.0ms)[0m  [1m[36mbegin transaction[0m
  [1m[36mCountryDataFinal Create (1.4ms)[0m  [1m[32mINSERT INTO "country_data_finals" ("name", "mobilephones", "mortalityunder5", "healthexpenditurepercapita", "healthexpenditureppercentgdp", "population", "populationurban", "birthrate", "lifeexpectancy", "gdp", "created_at", "updated_at") VALUES (?, ?, ?, ?, ?, ?, ?, ?, ?, ?, ?, ?) RETURNING "id"[0m  [["name", "Burkina Faso"], ["mobilephones", 25245.0], ["mortalityunder5", 191.0], ["healthexpenditurepercapita", 11.0], ["healthexpenditureppercentgdp", 5.0], ["population", 12294012.0], ["populationurban", 2040806.0], ["birthrate", 45.0], ["lifeexpectancy", 50.0], ["gdp", 2610945549.0], ["created_at", "2023-12-18 04:46:15.659367"], ["updated_at", "2023-12-18 04:46:15.659367"]]
  [1m[36mTRANSACTION (0.1ms)[0m  [1m[36mcommit transaction[0m
  [1m[36mTRANSACTION (0.0ms)[0m  [1m[36mbegin transaction[0m
  [1m[36mCountryDataFinal Create (1.6ms)[0m  [1m[32mINSERT INTO "country_data_finals" ("name", "mobilephones", "mortalityunder5", "healthexpenditurepercapita", "healthexpenditureppercentgdp", "population", "populationurban", "birthrate", "lifeexpectancy", "gdp", "created_at", "updated_at") VALUES (?, ?, ?, ?, ?, ?, ?, ?, ?, ?, ?, ?) RETURNING "id"[0m  [["name", "Burundi"], ["mobilephones", 16320.0], ["mortalityunder5", 164.0], ["healthexpenditurepercapita", 7.0], ["healthexpenditureppercentgdp", 7.0], ["population", 6374347.0], ["populationurban", 529071.0], ["birthrate", 38.0], ["lifeexpectancy", 46.0], ["gdp", 835334807.0], ["created_at", "2023-12-18 04:46:15.665968"], ["updated_at", "2023-12-18 04:46:15.665968"]]
  [1m[36mTRANSACTION (0.1ms)[0m  [1m[36mcommit transaction[0m
  [1m[36mTRANSACTION (0.0ms)[0m  [1m[36mbegin transaction[0m
  [1m[36mCountryDataFinal Create (1.7ms)[0m  [1m[32mINSERT INTO "country_data_finals" ("name", "mobilephones", "mortalityunder5", "healthexpenditurepercapita", "healthexpenditureppercentgdp", "population", "populationurban", "birthrate", "lifeexpectancy", "gdp", "created_at", "updated_at") VALUES (?, ?, ?, ?, ?, ?, ?, ?, ?, ?, ?, ?) RETURNING "id"[0m  [["name", "Cambodia"], ["mobilephones", 130547.0], ["mortalityunder5", 103.0], ["healthexpenditurepercapita", 17.0], ["healthexpenditureppercentgdp", 6.0], ["population", 12446949.0], ["populationurban", 2103534.0], ["birthrate", 27.0], ["lifeexpectancy", 58.0], ["gdp", 3654031716.0], ["created_at", "2023-12-18 04:46:15.670993"], ["updated_at", "2023-12-18 04:46:15.670993"]]
  [1m[36mTRANSACTION (0.1ms)[0m  [1m[36mcommit transaction[0m
  [1m[36mTRANSACTION (0.0ms)[0m  [1m[36mbegin transaction[0m
  [1m[36mCountryDataFinal Create (1.6ms)[0m  [1m[32mINSERT INTO "country_data_finals" ("name", "mobilephones", "mortalityunder5", "healthexpenditurepercapita", "healthexpenditureppercentgdp", "population", "populationurban", "birthrate", "lifeexpectancy", "gdp", "created_at", "updated_at") VALUES (?, ?, ?, ?, ?, ?, ?, ?, ?, ?, ?, ?) RETURNING "id"[0m  [["name", "Cameroon"], ["mobilephones", 103279.0], ["mortalityunder5", 148.0], ["healthexpenditurepercapita", 27.0], ["healthexpenditureppercentgdp", 5.0], ["population", 15678269.0], ["populationurban", 7823456.0], ["birthrate", 38.0], ["lifeexpectancy", 50.0], ["gdp", 10075040331.0], ["created_at", "2023-12-18 04:46:15.677909"], ["updated_at", "2023-12-18 04:46:15.677909"]]
  [1m[36mTRANSACTION (0.1ms)[0m  [1m[36mcommit transaction[0m
  [1m[36mTRANSACTION (0.2ms)[0m  [1m[36mbegin transaction[0m
  [1m[36mCountryDataFinal Create (2.4ms)[0m  [1m[32mINSERT INTO "country_data_finals" ("name", "mobilephones", "mortalityunder5", "healthexpenditurepercapita", "healthexpenditureppercentgdp", "population", "populationurban", "birthrate", "lifeexpectancy", "gdp", "created_at", "updated_at") VALUES (?, ?, ?, ?, ?, ?, ?, ?, ?, ?, ?, ?) RETURNING "id"[0m  [["name", "Canada"], ["mobilephones", 8727000.0], ["mortalityunder5", 6.0], ["healthexpenditurepercapita", 2082.0], ["healthexpenditureppercentgdp", 9.0], ["population", 30769700.0], ["populationurban", 24461912.0], ["birthrate", 11.0], ["lifeexpectancy", 80.0], ["gdp", 724919000000.0], ["created_at", "2023-12-18 04:46:15.683167"], ["updated_at", "2023-12-18 04:46:15.683167"]]
  [1m[36mTRANSACTION (0.1ms)[0m  [1m[36mcommit transaction[0m
  [1m[36mTRANSACTION (0.1ms)[0m  [1m[36mbegin transaction[0m
  [1m[36mCountryDataFinal Create (2.6ms)[0m  [1m[32mINSERT INTO "country_data_finals" ("name", "mobilephones", "mortalityunder5", "healthexpenditurepercapita", "healthexpenditureppercentgdp", "population", "populationurban", "birthrate", "lifeexpectancy", "gdp", "created_at", "updated_at") VALUES (?, ?, ?, ?, ?, ?, ?, ?, ?, ?, ?, ?) RETURNING "id"[0m  [["name", "Cape Verde"], ["mobilephones", 19729.0], ["mortalityunder5", 46.0], ["healthexpenditurepercapita", 57.0], ["healthexpenditureppercentgdp", 5.0], ["population", 437238.0], ["populationurban", 233485.0], ["birthrate", 29.0], ["lifeexpectancy", 70.0], ["gdp", 539227053.0], ["created_at", "2023-12-18 04:46:15.688862"], ["updated_at", "2023-12-18 04:46:15.688862"]]
  [1m[36mTRANSACTION (0.1ms)[0m  [1m[36mcommit transaction[0m
  [1m[36mTRANSACTION (0.0ms)[0m  [1m[36mbegin transaction[0m
  [1m[36mCountryDataFinal Create (1.5ms)[0m  [1m[32mINSERT INTO "country_data_finals" ("name", "mobilephones", "mortalityunder5", "healthexpenditurepercapita", "healthexpenditureppercentgdp", "population", "populationurban", "birthrate", "lifeexpectancy", "gdp", "created_at", "updated_at") VALUES (?, ?, ?, ?, ?, ?, ?, ?, ?, ?, ?, ?) RETURNING "id"[0m  [["name", "Cayman Islands"], ["mobilephones", 10700.0], ["mortalityunder5", 0.0], ["healthexpenditurepercapita", 0.0], ["healthexpenditureppercentgdp", 0.0], ["population", 40195.0], ["populationurban", 40195.0], ["birthrate", 0.0], ["lifeexpectancy", 0.0], ["gdp", 0.0], ["created_at", "2023-12-18 04:46:15.695051"], ["updated_at", "2023-12-18 04:46:15.695051"]]
  [1m[36mTRANSACTION (0.1ms)[0m  [1m[36mcommit transaction[0m
  [1m[36mTRANSACTION (0.0ms)[0m  [1m[36mbegin transaction[0m
  [1m[36mCountryDataFinal Create (2.0ms)[0m  [1m[32mINSERT INTO "country_data_finals" ("name", "mobilephones", "mortalityunder5", "healthexpenditurepercapita", "healthexpenditureppercentgdp", "population", "populationurban", "birthrate", "lifeexpectancy", "gdp", "created_at", "updated_at") VALUES (?, ?, ?, ?, ?, ?, ?, ?, ?, ?, ?, ?) RETURNING "id"[0m  [["name", "Central African Republic"], ["mobilephones", 4967.0], ["mortalityunder5", 176.0], ["healthexpenditurepercapita", 10.0], ["healthexpenditureppercentgdp", 4.0], ["population", 3701607.0], ["populationurban", 1391804.0], ["birthrate", 39.0], ["lifeexpectancy", 44.0], ["gdp", 959413051.0], ["created_at", "2023-12-18 04:46:15.701340"], ["updated_at", "2023-12-18 04:46:15.701340"]]
  [1m[36mTRANSACTION (0.1ms)[0m  [1m[36mcommit transaction[0m
  [1m[36mTRANSACTION (0.0ms)[0m  [1m[36mbegin transaction[0m
  [1m[36mCountryDataFinal Create (2.4ms)[0m  [1m[32mINSERT INTO "country_data_finals" ("name", "mobilephones", "mortalityunder5", "healthexpenditurepercapita", "healthexpenditureppercentgdp", "population", "populationurban", "birthrate", "lifeexpectancy", "gdp", "created_at", "updated_at") VALUES (?, ?, ?, ?, ?, ?, ?, ?, ?, ?, ?, ?) RETURNING "id"[0m  [["name", "Chad"], ["mobilephones", 5500.0], ["mortalityunder5", 190.0], ["healthexpenditurepercapita", 10.0], ["healthexpenditureppercentgdp", 6.0], ["population", 8222327.0], ["populationurban", 1924025.0], ["birthrate", 48.0], ["lifeexpectancy", 49.0], ["gdp", 1385050964.0], ["created_at", "2023-12-18 04:46:15.706702"], ["updated_at", "2023-12-18 04:46:15.706702"]]
  [1m[36mTRANSACTION (0.1ms)[0m  [1m[36mcommit transaction[0m
  [1m[36mTRANSACTION (0.0ms)[0m  [1m[36mbegin transaction[0m
  [1m[36mCountryDataFinal Create (1.3ms)[0m  [1m[32mINSERT INTO "country_data_finals" ("name", "mobilephones", "mortalityunder5", "healthexpenditurepercapita", "healthexpenditureppercentgdp", "population", "populationurban", "birthrate", "lifeexpectancy", "gdp", "created_at", "updated_at") VALUES (?, ?, ?, ?, ?, ?, ?, ?, ?, ?, ?, ?) RETURNING "id"[0m  [["name", "Channel Islands"], ["mobilephones", 0.0], ["mortalityunder5", 0.0], ["healthexpenditurepercapita", 0.0], ["healthexpenditureppercentgdp", 0.0], ["population", 145330.0], ["populationurban", 44326.0], ["birthrate", 11.0], ["lifeexpectancy", 78.0], ["gdp", 6439703435.0], ["created_at", "2023-12-18 04:46:15.712529"], ["updated_at", "2023-12-18 04:46:15.712529"]]
  [1m[36mTRANSACTION (0.1ms)[0m  [1m[36mcommit transaction[0m
  [1m[36mTRANSACTION (0.0ms)[0m  [1m[36mbegin transaction[0m
  [1m[36mCountryDataFinal Create (1.6ms)[0m  [1m[32mINSERT INTO "country_data_finals" ("name", "mobilephones", "mortalityunder5", "healthexpenditurepercapita", "healthexpenditureppercentgdp", "population", "populationurban", "birthrate", "lifeexpectancy", "gdp", "created_at", "updated_at") VALUES (?, ?, ?, ?, ?, ?, ?, ?, ?, ?, ?, ?) RETURNING "id"[0m  [["name", "Chile"], ["mobilephones", 3401525.0], ["mortalityunder5", 11.0], ["healthexpenditurepercapita", 324.0], ["healthexpenditureppercentgdp", 7.0], ["population", 15419820.0], ["populationurban", 13245625.0], ["birthrate", 17.0], ["lifeexpectancy", 77.0], ["gdp", 75210511780.0], ["created_at", "2023-12-18 04:46:15.719000"], ["updated_at", "2023-12-18 04:46:15.719000"]]
  [1m[36mTRANSACTION (0.1ms)[0m  [1m[36mcommit transaction[0m
  [1m[36mTRANSACTION (0.0ms)[0m  [1m[36mbegin transaction[0m
  [1m[36mCountryDataFinal Create (3.3ms)[0m  [1m[32mINSERT INTO "country_data_finals" ("name", "mobilephones", "mortalityunder5", "healthexpenditurepercapita", "healthexpenditureppercentgdp", "population", "populationurban", "birthrate", "lifeexpectancy", "gdp", "created_at", "updated_at") VALUES (?, ?, ?, ?, ?, ?, ?, ?, ?, ?, ?, ?) RETURNING "id"[0m  [["name", "China"], ["mobilephones", 85260000.0], ["mortalityunder5", 33.0], ["healthexpenditurepercapita", 44.0], ["healthexpenditureppercentgdp", 5.0], ["population", 1262645000.0], ["populationurban", 452026910.0], ["birthrate", 14.0], ["lifeexpectancy", 72.0], ["gdp", 1198470000000.0], ["created_at", "2023-12-18 04:46:15.726272"], ["updated_at", "2023-12-18 04:46:15.726272"]]
  [1m[36mTRANSACTION (0.1ms)[0m  [1m[36mcommit transaction[0m
  [1m[36mTRANSACTION (0.1ms)[0m  [1m[36mbegin transaction[0m
  [1m[36mCountryDataFinal Create (3.1ms)[0m  [1m[32mINSERT INTO "country_data_finals" ("name", "mobilephones", "mortalityunder5", "healthexpenditurepercapita", "healthexpenditureppercentgdp", "population", "populationurban", "birthrate", "lifeexpectancy", "gdp", "created_at", "updated_at") VALUES (?, ?, ?, ?, ?, ?, ?, ?, ?, ?, ?, ?) RETURNING "id"[0m  [["name", "Colombia"], ["mobilephones", 2256801.0], ["mortalityunder5", 27.0], ["healthexpenditurepercapita", 161.0], ["healthexpenditureppercentgdp", 7.0], ["population", 39764166.0], ["populationurban", 28669964.0], ["birthrate", 23.0], ["lifeexpectancy", 71.0], ["gdp", 100364000000.0], ["created_at", "2023-12-18 04:46:15.733719"], ["updated_at", "2023-12-18 04:46:15.733719"]]
  [1m[36mTRANSACTION (0.2ms)[0m  [1m[36mcommit transaction[0m
  [1m[36mTRANSACTION (0.0ms)[0m  [1m[36mbegin transaction[0m
  [1m[36mCountryDataFinal Create (1.5ms)[0m  [1m[32mINSERT INTO "country_data_finals" ("name", "mobilephones", "mortalityunder5", "healthexpenditurepercapita", "healthexpenditureppercentgdp", "population", "populationurban", "birthrate", "lifeexpectancy", "gdp", "created_at", "updated_at") VALUES (?, ?, ?, ?, ?, ?, ?, ?, ?, ?, ?, ?) RETURNING "id"[0m  [["name", "Comoros"], ["mobilephones", 0.0], ["mortalityunder5", 104.0], ["healthexpenditurepercapita", 10.0], ["healthexpenditureppercentgdp", 3.0], ["population", 562469.0], ["populationurban", 158054.0], ["birthrate", 40.0], ["lifeexpectancy", 58.0], ["gdp", 201900820.0], ["created_at", "2023-12-18 04:46:15.740935"], ["updated_at", "2023-12-18 04:46:15.740935"]]
  [1m[36mTRANSACTION (0.2ms)[0m  [1m[36mcommit transaction[0m
Started GET "/" for 108.41.115.6 at 2023-12-18 04:46:22 +0000
Cannot render console from 108.41.115.6! Allowed networks: 127.0.0.0/127.255.255.255, ::1
  [1m[36mActiveRecord::SchemaMigration Load (0.1ms)[0m  [1m[34mSELECT "schema_migrations"."version" FROM "schema_migrations" ORDER BY "schema_migrations"."version" ASC[0m
Processing by Rails::WelcomeController#index as HTML
  Rendering /home/ec2-user/.rvm/gems/ruby-3.2.1/gems/railties-7.1.2/lib/rails/templates/rails/welcome/index.html.erb
  Rendered /home/ec2-user/.rvm/gems/ruby-3.2.1/gems/railties-7.1.2/lib/rails/templates/rails/welcome/index.html.erb (Duration: 1.3ms | Allocations: 261)
Completed 200 OK in 5ms (Views: 3.4ms | ActiveRecord: 0.0ms | Allocations: 895)


Started GET "/" for 108.41.115.6 at 2023-12-18 04:46:24 +0000
Cannot render console from 108.41.115.6! Allowed networks: 127.0.0.0/127.255.255.255, ::1
Processing by Rails::WelcomeController#index as HTML
  Rendering /home/ec2-user/.rvm/gems/ruby-3.2.1/gems/railties-7.1.2/lib/rails/templates/rails/welcome/index.html.erb
  Rendered /home/ec2-user/.rvm/gems/ruby-3.2.1/gems/railties-7.1.2/lib/rails/templates/rails/welcome/index.html.erb (Duration: 3.6ms | Allocations: 13)
Completed 200 OK in 5ms (Views: 4.3ms | ActiveRecord: 0.0ms | Allocations: 210)


Started GET "/" for 108.41.115.6 at 2023-12-18 04:46:32 +0000
Cannot render console from 108.41.115.6! Allowed networks: 127.0.0.0/127.255.255.255, ::1
  [1m[36mActiveRecord::SchemaMigration Load (0.2ms)[0m  [1m[34mSELECT "schema_migrations"."version" FROM "schema_migrations" ORDER BY "schema_migrations"."version" ASC[0m
Processing by Rails::WelcomeController#index as HTML
  Rendering /home/ec2-user/.rvm/gems/ruby-3.2.1/gems/railties-7.1.2/lib/rails/templates/rails/welcome/index.html.erb
  Rendered /home/ec2-user/.rvm/gems/ruby-3.2.1/gems/railties-7.1.2/lib/rails/templates/rails/welcome/index.html.erb (Duration: 4.3ms | Allocations: 374)
Completed 200 OK in 44ms (Views: 17.0ms | ActiveRecord: 0.0ms | Allocations: 4269)


Started GET "/country_demographics" for 108.41.115.6 at 2023-12-18 04:47:49 +0000
Cannot render console from 108.41.115.6! Allowed networks: 127.0.0.0/127.255.255.255, ::1
  
ActionController::RoutingError (No route matches [GET] "/country_demographics"):
  
Started GET "/country_data_final" for 108.41.115.6 at 2023-12-18 04:48:45 +0000
Cannot render console from 108.41.115.6! Allowed networks: 127.0.0.0/127.255.255.255, ::1
  
ActionController::RoutingError (No route matches [GET] "/country_data_final"):
  
Started GET "/country_data_final_paths" for 108.41.115.6 at 2023-12-18 04:48:59 +0000
Cannot render console from 108.41.115.6! Allowed networks: 127.0.0.0/127.255.255.255, ::1
  
ActionController::RoutingError (No route matches [GET] "/country_data_final_paths"):
  
